<?xml version="1.0" encoding="UTF-8"?>
<!-- Generated by org.testng.reporters.JUnitReportReporter -->
<testsuite hostname="BT1707081" failures="1" tests="40" name="com.test.TestCases" time="638.016" errors="0" timestamp="2021-07-15T16:53:07 IST" skipped="0">
  <testcase classname="com.test.TestCases" name="testOne" time="9.393"/>
  <system-out/>
  <testcase classname="com.test.TestCases" name="testOne" time="21.576"/>
  <system-out/>
  <testcase classname="com.test.TestCases" name="testTwo" time="2.250"/>
  <system-out/>
  <testcase classname="com.test.TestCases" name="testTwo" time="1.829"/>
  <system-out/>
  <testcase classname="com.test.TestCases" name="testThree" time="7.708"/>
  <system-out/>
  <testcase classname="com.test.TestCases" name="testThree" time="8.835"/>
  <system-out/>
  <testcase classname="com.test.TestCases" name="testFour" time="9.172"/>
  <system-out/>
  <testcase classname="com.test.TestCases" name="testFour" time="7.751"/>
  <system-out/>
  <testcase classname="com.test.TestCases" name="testFive" time="8.608"/>
  <system-out/>
  <testcase classname="com.test.TestCases" name="testFive" time="7.473"/>
  <system-out/>
  <testcase classname="com.test.TestCases" name="testSix" time="16.579"/>
  <system-out/>
  <testcase classname="com.test.TestCases" name="testSix" time="16.445"/>
  <system-out/>
  <testcase classname="com.test.TestCases" name="testSeven" time="13.791"/>
  <system-out/>
  <testcase classname="com.test.TestCases" name="testSeven" time="12.938"/>
  <system-out/>
  <testcase classname="com.test.TestCases" name="testEight" time="23.585"/>
  <system-out/>
  <testcase classname="com.test.TestCases" name="testEight" time="22.539"/>
  <system-out/>
  <testcase classname="com.test.TestCases" name="testNine" time="3.040"/>
  <system-out/>
  <testcase classname="com.test.TestCases" name="testNine" time="2.681"/>
  <system-out/>
  <testcase classname="com.test.TestCases" name="testTen" time="5.233"/>
  <system-out/>
  <testcase classname="com.test.TestCases" name="testTen" time="5.253"/>
  <system-out/>
  <testcase classname="com.test.TestCases" name="testEleven" time="9.385"/>
  <system-out/>
  <testcase classname="com.test.TestCases" name="testEleven" time="8.281"/>
  <system-out/>
  <testcase classname="com.test.TestCases" name="testTwelve" time="11.460"/>
  <system-out/>
  <testcase classname="com.test.TestCases" name="testTwelve" time="10.293"/>
  <system-out/>
  <testcase classname="com.test.TestCases" name="testThirteen" time="13.770"/>
  <system-out/>
  <testcase classname="com.test.TestCases" name="testThirteen" time="12.794"/>
  <system-out/>
  <testcase classname="com.test.TestCases" name="testFourteen" time="12.006"/>
  <system-out/>
  <testcase classname="com.test.TestCases" name="testFourteen" time="12.088"/>
  <system-out/>
  <testcase classname="com.test.TestCases" name="testFiveteen" time="5.087"/>
  <system-out/>
  <testcase classname="com.test.TestCases" name="testFiveteen" time="5.177"/>
  <system-out/>
  <testcase classname="com.test.TestCases" name="testSixteen" time="9.282"/>
  <system-out/>
  <testcase classname="com.test.TestCases" name="testSixteen" time="10.775"/>
  <system-out/>
  <testcase classname="com.test.TestCases" name="testSeventeen" time="30.755"/>
  <system-out/>
  <testcase classname="com.test.TestCases" name="testSeventeen" time="43.725">
    <failure message="element not interactable
  (Session info: chrome=91.0.4472.124)
Build info: version: &#039;3.141.59&#039;, revision: &#039;e82be7d358&#039;, time: &#039;2018-11-14T08:17:03&#039;
System info: host: &#039;BT1707081&#039;, ip: &#039;192.168.0.110&#039;, os.name: &#039;Windows 10&#039;, os.arch: &#039;amd64&#039;, os.version: &#039;10.0&#039;, java.version: &#039;16.0.1&#039;
Driver info: org.openqa.selenium.chrome.ChromeDriver
Capabilities {acceptInsecureCerts: false, browserName: chrome, browserVersion: 91.0.4472.124, chrome: {chromedriverVersion: 91.0.4472.101 (af52a90bf870..., userDataDir: C:\Users\KIIT\AppData\Local...}, goog:chromeOptions: {debuggerAddress: localhost:55474}, javascriptEnabled: true, networkConnectionEnabled: false, pageLoadStrategy: normal, platform: WINDOWS, platformName: WINDOWS, proxy: Proxy(), setWindowRect: true, strictFileInteractability: false, timeouts: {implicit: 0, pageLoad: 300000, script: 30000}, unhandledPromptBehavior: dismiss and notify, webauthn:extension:largeBlob: true, webauthn:virtualAuthenticators: true}
Session ID: e3a04fe545d171286e9d279c0496742b" type="java.lang.AssertionError">
      <![CDATA[java.lang.AssertionError: element not interactable
  (Session info: chrome=91.0.4472.124)
Build info: version: '3.141.59', revision: 'e82be7d358', time: '2018-11-14T08:17:03'
System info: host: 'BT1707081', ip: '192.168.0.110', os.name: 'Windows 10', os.arch: 'amd64', os.version: '10.0', java.version: '16.0.1'
Driver info: org.openqa.selenium.chrome.ChromeDriver
Capabilities {acceptInsecureCerts: false, browserName: chrome, browserVersion: 91.0.4472.124, chrome: {chromedriverVersion: 91.0.4472.101 (af52a90bf870..., userDataDir: C:\Users\KIIT\AppData\Local...}, goog:chromeOptions: {debuggerAddress: localhost:55474}, javascriptEnabled: true, networkConnectionEnabled: false, pageLoadStrategy: normal, platform: WINDOWS, platformName: WINDOWS, proxy: Proxy(), setWindowRect: true, strictFileInteractability: false, timeouts: {implicit: 0, pageLoad: 300000, script: 30000}, unhandledPromptBehavior: dismiss and notify, webauthn:extension:largeBlob: true, webauthn:virtualAuthenticators: true}
Session ID: e3a04fe545d171286e9d279c0496742b
at org.testng.Assert.fail(Assert.java:99)
at com.genericlib.BaseUI.reportFail(BaseUI.java:267)
at com.genericlib.BaseUI.click(BaseUI.java:209)
at com.test.UdemyForBusiness.clickLogo(UdemyForBusiness.java:66)
at com.test.TestCases.testSeventeen(TestCases.java:310)
at java.base/jdk.internal.reflect.NativeMethodAccessorImpl.invoke0(Native Method)
at java.base/jdk.internal.reflect.NativeMethodAccessorImpl.invoke(NativeMethodAccessorImpl.java:78)
at java.base/jdk.internal.reflect.DelegatingMethodAccessorImpl.invoke(DelegatingMethodAccessorImpl.java:43)
at java.base/java.lang.reflect.Method.invoke(Method.java:567)
at org.testng.internal.MethodInvocationHelper.invokeMethod(MethodInvocationHelper.java:133)
at org.testng.internal.TestInvoker.invokeMethod(TestInvoker.java:598)
at org.testng.internal.TestInvoker.invokeTestMethod(TestInvoker.java:173)
at org.testng.internal.MethodRunner.runInSequence(MethodRunner.java:46)
at org.testng.internal.TestInvoker$MethodInvocationAgent.invoke(TestInvoker.java:824)
at org.testng.internal.TestInvoker.invokeTestMethods(TestInvoker.java:146)
at org.testng.internal.TestMethodWorker.invokeTestMethods(TestMethodWorker.java:146)
at org.testng.internal.TestMethodWorker.run(TestMethodWorker.java:128)
at java.base/java.util.concurrent.ThreadPoolExecutor.runWorker(ThreadPoolExecutor.java:1130)
at java.base/java.util.concurrent.ThreadPoolExecutor$Worker.run(ThreadPoolExecutor.java:630)
at java.base/java.lang.Thread.run(Thread.java:831)
]]>
    </failure>
  </testcase> <!-- testSeventeen -->
  <system-out/>
  <testcase classname="com.test.TestCases" name="testEighteen" time="48.709"/>
  <system-out/>
  <testcase classname="com.test.TestCases" name="testEighteen" time="44.289"/>
  <system-out/>
  <testcase classname="com.test.TestCases" name="testNineteen" time="76.798"/>
  <system-out/>
  <testcase classname="com.test.TestCases" name="testNineteen" time="21.651"/>
  <system-out/>
  <testcase classname="com.test.TestCases" name="testTwenty" time="22.778"/>
  <system-out/>
  <testcase classname="com.test.TestCases" name="testTwenty" time="22.234"/>
  <system-out/>
</testsuite> <!-- com.test.TestCases -->
